fake log  [4;36;1mSQL (0.2ms)[0m   [0;1mSET NAMES 'utf8'[0m
  [4;35;1mSQL (0.1ms)[0m   [0mSET SQL_AUTO_IS_NULL=0[0m


Processing MainController#index (for 127.0.0.1 at 2009-06-03 01:45:35) [GET]
Rendering template within layouts/main
Rendering main/index
Completed in 18ms (View: 16, DB: 0) | 200 OK [http://localhost/]
  [4;36;1mSQL (0.1ms)[0m   [0;1mSET NAMES 'utf8'[0m
  [4;35;1mSQL (0.1ms)[0m   [0mSET SQL_AUTO_IS_NULL=0[0m


Processing MainController#index (for 127.0.0.1 at 2009-06-03 01:45:36) [GET]
Rendering template within layouts/main
Rendering main/index
Completed in 5ms (View: 2, DB: 0) | 200 OK [http://localhost/]
  [4;36;1mSQL (0.1ms)[0m   [0;1mSET NAMES 'utf8'[0m
  [4;35;1mSQL (0.1ms)[0m   [0mSET SQL_AUTO_IS_NULL=0[0m


Processing MainController#about (for 127.0.0.1 at 2009-06-03 01:45:37) [GET]
Rendering template within layouts/main
Rendering main/about
Completed in 71ms (View: 69, DB: 0) | 200 OK [http://localhost/about]
  [4;36;1mSQL (0.1ms)[0m   [0;1mSET NAMES 'utf8'[0m
  [4;35;1mSQL (0.1ms)[0m   [0mSET SQL_AUTO_IS_NULL=0[0m


Processing MainController#jobs (for 127.0.0.1 at 2009-06-03 01:45:39) [GET]
Rendering template within layouts/main
Rendering main/jobs
Completed in 11ms (View: 8, DB: 0) | 200 OK [http://localhost/jobs]
  [4;36;1mSQL (0.1ms)[0m   [0;1mSET NAMES 'utf8'[0m
  [4;35;1mSQL (0.1ms)[0m   [0mSET SQL_AUTO_IS_NULL=0[0m


Processing MainController#about (for 127.0.0.1 at 2009-06-03 01:45:42) [GET]
Rendering template within layouts/main
Rendering main/about
Completed in 4ms (View: 2, DB: 0) | 200 OK [http://localhost/about]
  [4;36;1mSQL (0.1ms)[0m   [0;1mSET NAMES 'utf8'[0m
  [4;35;1mSQL (0.1ms)[0m   [0mSET SQL_AUTO_IS_NULL=0[0m


Processing MainController#index (for 127.0.0.1 at 2009-06-03 01:49:07) [GET]
Rendering template within layouts/main
Rendering main/index
Completed in 5ms (View: 3, DB: 0) | 200 OK [http://localhost/]
  [4;36;1mSQL (0.1ms)[0m   [0;1mSET NAMES 'utf8'[0m
  [4;35;1mSQL (0.1ms)[0m   [0mSET SQL_AUTO_IS_NULL=0[0m


Processing MainController#index (for 127.0.0.1 at 2009-06-03 01:50:32) [GET]
Rendering template within layouts/main
Rendering main/index
Completed in 10ms (View: 7, DB: 0) | 200 OK [http://localhost/]
  [4;36;1mSQL (0.1ms)[0m   [0;1mSET NAMES 'utf8'[0m
  [4;35;1mSQL (0.1ms)[0m   [0mSET SQL_AUTO_IS_NULL=0[0m


Processing MainController#index (for 127.0.0.1 at 2009-06-03 01:50:44) [GET]
Rendering template within layouts/main
Rendering main/index
Completed in 8ms (View: 6, DB: 0) | 200 OK [http://localhost/]
  [4;36;1mSQL (0.1ms)[0m   [0;1mSET NAMES 'utf8'[0m
  [4;35;1mSQL (0.1ms)[0m   [0mSET SQL_AUTO_IS_NULL=0[0m


Processing MainController#index (for 127.0.0.1 at 2009-06-03 01:50:58) [GET]
Rendering template within layouts/main
Rendering main/index
Completed in 72ms (View: 70, DB: 0) | 200 OK [http://localhost/]
  [4;36;1mSQL (0.1ms)[0m   [0;1mSET NAMES 'utf8'[0m
  [4;35;1mSQL (0.1ms)[0m   [0mSET SQL_AUTO_IS_NULL=0[0m


Processing MainController#index (for 127.0.0.1 at 2009-06-03 01:51:01) [GET]
Rendering template within layouts/main
Rendering main/index
Completed in 9ms (View: 7, DB: 0) | 200 OK [http://localhost/]
  [4;36;1mSQL (0.1ms)[0m   [0;1mSET NAMES 'utf8'[0m
  [4;35;1mSQL (0.1ms)[0m   [0mSET SQL_AUTO_IS_NULL=0[0m


Processing MainController#index (for 127.0.0.1 at 2009-06-03 01:51:08) [GET]
Rendering template within layouts/main
Rendering main/index
Completed in 9ms (View: 7, DB: 0) | 200 OK [http://localhost/]
  [4;36;1mSQL (0.1ms)[0m   [0;1mSET NAMES 'utf8'[0m
  [4;35;1mSQL (0.1ms)[0m   [0mSET SQL_AUTO_IS_NULL=0[0m


Processing MainController#index (for 127.0.0.1 at 2009-06-03 01:51:15) [GET]
Rendering template within layouts/main
Rendering main/index
Completed in 10ms (View: 7, DB: 0) | 200 OK [http://localhost/]
  [4;36;1mSQL (0.1ms)[0m   [0;1mSET NAMES 'utf8'[0m
  [4;35;1mSQL (0.1ms)[0m   [0mSET SQL_AUTO_IS_NULL=0[0m


Processing MainController#index (for 127.0.0.1 at 2009-06-03 01:51:16) [GET]
Rendering template within layouts/main
Rendering main/index
Completed in 5ms (View: 2, DB: 0) | 200 OK [http://localhost/]
  [4;36;1mSQL (0.1ms)[0m   [0;1mSET NAMES 'utf8'[0m
  [4;35;1mSQL (0.1ms)[0m   [0mSET SQL_AUTO_IS_NULL=0[0m


Processing MainController#index (for 127.0.0.1 at 2009-06-03 01:51:23) [GET]
Rendering template within layouts/main
Rendering main/index
Completed in 8ms (View: 6, DB: 0) | 200 OK [http://localhost/]
  [4;36;1mSQL (0.1ms)[0m   [0;1mSET NAMES 'utf8'[0m
  [4;35;1mSQL (0.1ms)[0m   [0mSET SQL_AUTO_IS_NULL=0[0m


Processing MainController#index (for 127.0.0.1 at 2009-06-03 01:51:36) [GET]
Rendering template within layouts/main
Rendering main/index
Completed in 10ms (View: 8, DB: 0) | 200 OK [http://localhost/]
  [4;36;1mSQL (0.1ms)[0m   [0;1mSET NAMES 'utf8'[0m
  [4;35;1mSQL (0.1ms)[0m   [0mSET SQL_AUTO_IS_NULL=0[0m


Processing MainController#index (for 127.0.0.1 at 2009-06-03 01:51:37) [GET]
Rendering template within layouts/main
Rendering main/index
Completed in 5ms (View: 3, DB: 0) | 200 OK [http://localhost/]
  [4;36;1mSQL (0.1ms)[0m   [0;1mSET NAMES 'utf8'[0m
  [4;35;1mSQL (0.1ms)[0m   [0mSET SQL_AUTO_IS_NULL=0[0m


Processing MainController#index (for 127.0.0.1 at 2009-06-03 01:52:43) [GET]
Rendering template within layouts/main
Rendering main/index
Completed in 9ms (View: 6, DB: 0) | 200 OK [http://localhost/]
  [4;36;1mSQL (0.1ms)[0m   [0;1mSET NAMES 'utf8'[0m
  [4;35;1mSQL (0.1ms)[0m   [0mSET SQL_AUTO_IS_NULL=0[0m


Processing MainController#about (for 127.0.0.1 at 2009-06-03 01:52:51) [GET]
Rendering template within layouts/main
Rendering main/about
Completed in 4ms (View: 2, DB: 0) | 200 OK [http://localhost/about]
  [4;36;1mSQL (0.1ms)[0m   [0;1mSET NAMES 'utf8'[0m
  [4;35;1mSQL (0.1ms)[0m   [0mSET SQL_AUTO_IS_NULL=0[0m


Processing MainController#index (for 127.0.0.1 at 2009-06-03 01:52:52) [GET]
Rendering template within layouts/main
Rendering main/index
Completed in 5ms (View: 3, DB: 0) | 200 OK [http://localhost/]
  [4;36;1mSQL (0.1ms)[0m   [0;1mSET NAMES 'utf8'[0m
  [4;35;1mSQL (0.1ms)[0m   [0mSET SQL_AUTO_IS_NULL=0[0m


Processing MainController#about (for 127.0.0.1 at 2009-06-03 01:52:53) [GET]
Rendering template within layouts/main
Rendering main/about
Completed in 4ms (View: 2, DB: 0) | 200 OK [http://localhost/about]
  [4;36;1mSQL (0.2ms)[0m   [0;1mSET NAMES 'utf8'[0m
  [4;35;1mSQL (0.1ms)[0m   [0mSET SQL_AUTO_IS_NULL=0[0m


Processing MainController#about (for 127.0.0.1 at 2009-06-03 02:00:34) [GET]
Rendering template within layouts/main
Rendering main/about
Completed in 19ms (View: 16, DB: 0) | 200 OK [http://localhost/about]
  [4;36;1mSQL (0.1ms)[0m   [0;1mSET NAMES 'utf8'[0m
  [4;35;1mSQL (0.1ms)[0m   [0mSET SQL_AUTO_IS_NULL=0[0m


Processing MainController#about (for 127.0.0.1 at 2009-06-03 02:00:35) [GET]
Rendering template within layouts/main
Rendering main/about
Completed in 4ms (View: 2, DB: 0) | 200 OK [http://localhost/about]
  [4;36;1mSQL (0.1ms)[0m   [0;1mSET NAMES 'utf8'[0m
  [4;35;1mSQL (0.1ms)[0m   [0mSET SQL_AUTO_IS_NULL=0[0m


Processing MainController#index (for 127.0.0.1 at 2009-06-03 02:00:38) [GET]
Rendering template within layouts/main
Rendering main/index
Completed in 71ms (View: 69, DB: 0) | 200 OK [http://localhost/]
  [4;36;1mSQL (0.1ms)[0m   [0;1mSET NAMES 'utf8'[0m
  [4;35;1mSQL (0.1ms)[0m   [0mSET SQL_AUTO_IS_NULL=0[0m


Processing MainController#about (for 127.0.0.1 at 2009-06-03 02:00:45) [GET]
Rendering template within layouts/main
Rendering main/about
Completed in 4ms (View: 2, DB: 0) | 200 OK [http://localhost/about]
  [4;36;1mSQL (0.1ms)[0m   [0;1mSET NAMES 'utf8'[0m
  [4;35;1mSQL (0.1ms)[0m   [0mSET SQL_AUTO_IS_NULL=0[0m


Processing MainController#jobs (for 127.0.0.1 at 2009-06-03 02:00:57) [GET]
Rendering template within layouts/main
Rendering main/jobs
Completed in 10ms (View: 8, DB: 0) | 200 OK [http://localhost/jobs]
  [4;36;1mSQL (0.1ms)[0m   [0;1mSET NAMES 'utf8'[0m
  [4;35;1mSQL (0.1ms)[0m   [0mSET SQL_AUTO_IS_NULL=0[0m


Processing MainController#index (for 127.0.0.1 at 2009-06-03 02:01:45) [GET]
Rendering template within layouts/main
Rendering main/index
Completed in 4ms (View: 2, DB: 0) | 200 OK [http://localhost/]
  [4;36;1mSQL (0.1ms)[0m   [0;1mSET NAMES 'utf8'[0m
  [4;35;1mSQL (0.1ms)[0m   [0mSET SQL_AUTO_IS_NULL=0[0m


Processing MainController#index (for 127.0.0.1 at 2009-06-03 02:02:21) [GET]
Rendering template within layouts/main
Rendering main/index
Completed in 10ms (View: 8, DB: 0) | 200 OK [http://localhost/]
  [4;36;1mSQL (0.1ms)[0m   [0;1mSET NAMES 'utf8'[0m
  [4;35;1mSQL (0.1ms)[0m   [0mSET SQL_AUTO_IS_NULL=0[0m


Processing MainController#index (for 127.0.0.1 at 2009-06-03 02:02:37) [GET]
Rendering template within layouts/main
Rendering main/index
Completed in 10ms (View: 8, DB: 0) | 200 OK [http://localhost/]
  [4;36;1mSQL (0.1ms)[0m   [0;1mSET NAMES 'utf8'[0m
  [4;35;1mSQL (0.1ms)[0m   [0mSET SQL_AUTO_IS_NULL=0[0m


Processing MainController#index (for 127.0.0.1 at 2009-06-03 02:02:38) [GET]
Rendering template within layouts/main
Rendering main/index
Completed in 4ms (View: 2, DB: 0) | 200 OK [http://localhost/]
  [4;36;1mSQL (0.1ms)[0m   [0;1mSET NAMES 'utf8'[0m
  [4;35;1mSQL (0.1ms)[0m   [0mSET SQL_AUTO_IS_NULL=0[0m


Processing MainController#index (for 127.0.0.1 at 2009-06-03 02:02:50) [GET]
Rendering template within layouts/main
Rendering main/index
Completed in 9ms (View: 7, DB: 0) | 200 OK [http://localhost/]
  [4;36;1mSQL (0.1ms)[0m   [0;1mSET NAMES 'utf8'[0m
  [4;35;1mSQL (0.1ms)[0m   [0mSET SQL_AUTO_IS_NULL=0[0m


Processing MainController#index (for 127.0.0.1 at 2009-06-03 02:03:01) [GET]
Rendering template within layouts/main
Rendering main/index
Completed in 10ms (View: 8, DB: 0) | 200 OK [http://localhost/]
  [4;36;1mSQL (0.1ms)[0m   [0;1mSET NAMES 'utf8'[0m
  [4;35;1mSQL (0.1ms)[0m   [0mSET SQL_AUTO_IS_NULL=0[0m


Processing MainController#about (for 127.0.0.1 at 2009-06-03 02:03:31) [GET]
Rendering template within layouts/main
Rendering main/about
Completed in 4ms (View: 2, DB: 0) | 200 OK [http://localhost/about]
  [4;36;1mSQL (0.1ms)[0m   [0;1mSET NAMES 'utf8'[0m
  [4;35;1mSQL (0.1ms)[0m   [0mSET SQL_AUTO_IS_NULL=0[0m


Processing MainController#index (for 127.0.0.1 at 2009-06-03 02:03:34) [GET]
Rendering template within layouts/main
Rendering main/index
Completed in 4ms (View: 2, DB: 0) | 200 OK [http://localhost/]
  [4;36;1mSQL (0.1ms)[0m   [0;1mSET NAMES 'utf8'[0m
  [4;35;1mSQL (0.1ms)[0m   [0mSET SQL_AUTO_IS_NULL=0[0m


Processing MainController#jobs (for 127.0.0.1 at 2009-06-03 02:03:36) [GET]
Rendering template within layouts/main
Rendering main/jobs
Completed in 5ms (View: 2, DB: 0) | 200 OK [http://localhost/jobs]
  [4;36;1mSQL (0.1ms)[0m   [0;1mSET NAMES 'utf8'[0m
  [4;35;1mSQL (0.1ms)[0m   [0mSET SQL_AUTO_IS_NULL=0[0m


Processing MainController#jobs (for 127.0.0.1 at 2009-06-03 02:05:21) [GET]
Rendering template within layouts/main
Rendering main/jobs
Completed in 10ms (View: 8, DB: 0) | 200 OK [http://localhost/jobs]
  [4;36;1mSQL (0.1ms)[0m   [0;1mSET NAMES 'utf8'[0m
  [4;35;1mSQL (0.1ms)[0m   [0mSET SQL_AUTO_IS_NULL=0[0m


Processing MainController#jobs (for 127.0.0.1 at 2009-06-03 02:05:22) [GET]
Rendering template within layouts/main
Rendering main/jobs
Completed in 5ms (View: 2, DB: 0) | 200 OK [http://localhost/jobs]
  [4;36;1mSQL (0.1ms)[0m   [0;1mSET NAMES 'utf8'[0m
  [4;35;1mSQL (0.1ms)[0m   [0mSET SQL_AUTO_IS_NULL=0[0m


Processing MainController#index (for 127.0.0.1 at 2009-06-03 02:06:01) [GET]
Rendering template within layouts/main
Rendering main/index
Completed in 5ms (View: 2, DB: 0) | 200 OK [http://localhost/]
  [4;36;1mSQL (0.2ms)[0m   [0;1mSET NAMES 'utf8'[0m
  [4;35;1mSQL (0.1ms)[0m   [0mSET SQL_AUTO_IS_NULL=0[0m


Processing MainController#index (for 127.0.0.1 at 2009-06-03 02:06:46) [GET]
Rendering template within layouts/main
Rendering main/index
Completed in 4ms (View: 2, DB: 0) | 200 OK [http://localhost/]
  [4;36;1mSQL (0.1ms)[0m   [0;1mSET NAMES 'utf8'[0m
  [4;35;1mSQL (0.1ms)[0m   [0mSET SQL_AUTO_IS_NULL=0[0m


Processing MainController#about (for 127.0.0.1 at 2009-06-03 02:07:08) [GET]
Rendering template within layouts/main
Rendering main/about
Completed in 4ms (View: 2, DB: 0) | 200 OK [http://localhost/about]
  [4;36;1mSQL (0.1ms)[0m   [0;1mSET NAMES 'utf8'[0m
  [4;35;1mSQL (0.1ms)[0m   [0mSET SQL_AUTO_IS_NULL=0[0m


Processing MainController#index (for 127.0.0.1 at 2009-06-03 02:10:42) [GET]
Rendering template within layouts/main
Rendering main/index
Completed in 4ms (View: 2, DB: 0) | 200 OK [http://localhost/]
  [4;36;1mSQL (0.1ms)[0m   [0;1mSET NAMES 'utf8'[0m
  [4;35;1mSQL (0.1ms)[0m   [0mSET SQL_AUTO_IS_NULL=0[0m


Processing MainController#about (for 127.0.0.1 at 2009-06-03 02:10:59) [GET]
Rendering template within layouts/main
Rendering main/about
Completed in 4ms (View: 2, DB: 0) | 200 OK [http://localhost/about]
  [4;36;1mSQL (0.1ms)[0m   [0;1mSET NAMES 'utf8'[0m
  [4;35;1mSQL (0.1ms)[0m   [0mSET SQL_AUTO_IS_NULL=0[0m


Processing MainController#about (for 127.0.0.1 at 2009-06-03 02:17:07) [GET]
Rendering template within layouts/main
Rendering main/about
Completed in 15ms (View: 12, DB: 0) | 200 OK [http://localhost/about]
  [4;36;1mSQL (0.1ms)[0m   [0;1mSET NAMES 'utf8'[0m
  [4;35;1mSQL (0.1ms)[0m   [0mSET SQL_AUTO_IS_NULL=0[0m


Processing MainController#about (for 127.0.0.1 at 2009-06-03 02:17:08) [GET]
Rendering template within layouts/main
Rendering main/about
Completed in 4ms (View: 2, DB: 0) | 200 OK [http://localhost/about]
  [4;36;1mSQL (0.1ms)[0m   [0;1mSET NAMES 'utf8'[0m
  [4;35;1mSQL (0.1ms)[0m   [0mSET SQL_AUTO_IS_NULL=0[0m


Processing MainController#index (for 127.0.0.1 at 2009-06-03 02:17:09) [GET]
Rendering template within layouts/main
Rendering main/index
Completed in 9ms (View: 7, DB: 0) | 200 OK [http://localhost/]
  [4;36;1mSQL (0.1ms)[0m   [0;1mSET NAMES 'utf8'[0m
  [4;35;1mSQL (0.1ms)[0m   [0mSET SQL_AUTO_IS_NULL=0[0m


Processing MainController#jobs (for 127.0.0.1 at 2009-06-03 02:17:11) [GET]
Rendering template within layouts/main
Rendering main/jobs
Completed in 10ms (View: 8, DB: 0) | 200 OK [http://localhost/jobs]
  [4;36;1mSQL (0.1ms)[0m   [0;1mSET NAMES 'utf8'[0m
  [4;35;1mSQL (0.1ms)[0m   [0mSET SQL_AUTO_IS_NULL=0[0m


Processing MainController#jobs (for 127.0.0.1 at 2009-06-03 02:17:23) [GET]
Rendering template within layouts/main
Rendering main/jobs
Completed in 77ms (View: 75, DB: 0) | 200 OK [http://localhost/jobs]
  [4;36;1mSQL (0.1ms)[0m   [0;1mSET NAMES 'utf8'[0m
  [4;35;1mSQL (0.1ms)[0m   [0mSET SQL_AUTO_IS_NULL=0[0m


Processing MainController#jobs (for 127.0.0.1 at 2009-06-03 02:17:24) [GET]
Rendering template within layouts/main
Rendering main/jobs
Completed in 5ms (View: 2, DB: 0) | 200 OK [http://localhost/jobs]
  [4;36;1mSQL (0.1ms)[0m   [0;1mSET NAMES 'utf8'[0m
  [4;35;1mSQL (0.1ms)[0m   [0mSET SQL_AUTO_IS_NULL=0[0m


Processing MainController#jobs (for 127.0.0.1 at 2009-06-03 02:17:28) [GET]
Rendering template within layouts/main
Rendering main/jobs
Completed in 10ms (View: 8, DB: 0) | 200 OK [http://localhost/jobs]
  [4;36;1mSQL (0.1ms)[0m   [0;1mSET NAMES 'utf8'[0m
  [4;35;1mSQL (0.1ms)[0m   [0mSET SQL_AUTO_IS_NULL=0[0m


Processing MainController#jobs (for 127.0.0.1 at 2009-06-03 02:17:44) [GET]
Rendering template within layouts/main
Rendering main/jobs
Completed in 10ms (View: 8, DB: 0) | 200 OK [http://localhost/jobs]
  [4;36;1mSQL (0.1ms)[0m   [0;1mSET NAMES 'utf8'[0m
  [4;35;1mSQL (0.1ms)[0m   [0mSET SQL_AUTO_IS_NULL=0[0m


Processing MainController#index (for 127.0.0.1 at 2009-06-03 02:18:26) [GET]
Rendering template within layouts/main
Rendering main/index
Completed in 4ms (View: 2, DB: 0) | 200 OK [http://localhost/]
  [4;36;1mSQL (0.1ms)[0m   [0;1mSET NAMES 'utf8'[0m
  [4;35;1mSQL (0.1ms)[0m   [0mSET SQL_AUTO_IS_NULL=0[0m


Processing MainController#about (for 127.0.0.1 at 2009-06-03 02:18:28) [GET]
Rendering template within layouts/main
Rendering main/about
Completed in 4ms (View: 2, DB: 0) | 200 OK [http://localhost/about]
  [4;36;1mSQL (0.1ms)[0m   [0;1mSET NAMES 'utf8'[0m
  [4;35;1mSQL (0.1ms)[0m   [0mSET SQL_AUTO_IS_NULL=0[0m


Processing MainController#jobs (for 127.0.0.1 at 2009-06-03 02:18:31) [GET]
Rendering template within layouts/main
Rendering main/jobs
Completed in 5ms (View: 2, DB: 0) | 200 OK [http://localhost/jobs]
  [4;36;1mSQL (0.1ms)[0m   [0;1mSET NAMES 'utf8'[0m
  [4;35;1mSQL (0.1ms)[0m   [0mSET SQL_AUTO_IS_NULL=0[0m


Processing MainController#jobs (for 127.0.0.1 at 2009-06-03 02:18:41) [GET]
Rendering template within layouts/main
Rendering main/jobs
Completed in 4ms (View: 2, DB: 0) | 200 OK [http://localhost/jobs]
  [4;36;1mSQL (0.1ms)[0m   [0;1mSET NAMES 'utf8'[0m
  [4;35;1mSQL (0.1ms)[0m   [0mSET SQL_AUTO_IS_NULL=0[0m


Processing MainController#jobs (for 127.0.0.1 at 2009-06-03 02:19:12) [GET]
Rendering template within layouts/main
Rendering main/jobs
Completed in 4ms (View: 2, DB: 0) | 200 OK [http://localhost/jobs]
  [4;36;1mSQL (0.1ms)[0m   [0;1mSET NAMES 'utf8'[0m
  [4;35;1mSQL (0.1ms)[0m   [0mSET SQL_AUTO_IS_NULL=0[0m


Processing MainController#about (for 127.0.0.1 at 2009-06-03 02:19:14) [GET]
Rendering template within layouts/main
Rendering main/about
Completed in 4ms (View: 2, DB: 0) | 200 OK [http://localhost/about]
  [4;36;1mSQL (0.1ms)[0m   [0;1mSET NAMES 'utf8'[0m
  [4;35;1mSQL (0.1ms)[0m   [0mSET SQL_AUTO_IS_NULL=0[0m


Processing MainController#index (for 127.0.0.1 at 2009-06-03 02:29:58) [GET]
Rendering template within layouts/main
Rendering main/index
Completed in 4ms (View: 2, DB: 0) | 200 OK [http://localhost/]
  [4;36;1mSQL (0.1ms)[0m   [0;1mSET NAMES 'utf8'[0m
  [4;35;1mSQL (0.1ms)[0m   [0mSET SQL_AUTO_IS_NULL=0[0m


Processing MainController#index (for 127.0.0.1 at 2009-06-03 02:29:59) [GET]
Rendering template within layouts/main
Rendering main/index
Completed in 4ms (View: 2, DB: 0) | 200 OK [http://localhost/]
  [4;36;1mSQL (0.1ms)[0m   [0;1mSET NAMES 'utf8'[0m
  [4;35;1mSQL (0.1ms)[0m   [0mSET SQL_AUTO_IS_NULL=0[0m


Processing MainController#about (for 127.0.0.1 at 2009-06-03 02:30:00) [GET]
Rendering template within layouts/main
Rendering main/about
Completed in 10ms (View: 8, DB: 0) | 200 OK [http://localhost/about]
  [4;36;1mSQL (0.1ms)[0m   [0;1mSET NAMES 'utf8'[0m
  [4;35;1mSQL (0.1ms)[0m   [0mSET SQL_AUTO_IS_NULL=0[0m


Processing MainController#about (for 127.0.0.1 at 2009-06-03 02:30:26) [GET]
Rendering template within layouts/main
Rendering main/about
Completed in 9ms (View: 7, DB: 0) | 200 OK [http://localhost/about]
  [4;36;1mSQL (0.1ms)[0m   [0;1mSET NAMES 'utf8'[0m
  [4;35;1mSQL (0.1ms)[0m   [0mSET SQL_AUTO_IS_NULL=0[0m


Processing MainController#about (for 127.0.0.1 at 2009-06-03 02:30:26) [GET]
Rendering template within layouts/main
Rendering main/about
Completed in 4ms (View: 2, DB: 0) | 200 OK [http://localhost/about]
  [4;36;1mSQL (0.1ms)[0m   [0;1mSET NAMES 'utf8'[0m
  [4;35;1mSQL (0.1ms)[0m   [0mSET SQL_AUTO_IS_NULL=0[0m


Processing MainController#about (for 127.0.0.1 at 2009-06-03 02:31:29) [GET]
Rendering template within layouts/main
Rendering main/about
Completed in 10ms (View: 8, DB: 0) | 200 OK [http://localhost/about]
  [4;36;1mSQL (0.1ms)[0m   [0;1mSET NAMES 'utf8'[0m
  [4;35;1mSQL (0.1ms)[0m   [0mSET SQL_AUTO_IS_NULL=0[0m


Processing MainController#about (for 127.0.0.1 at 2009-06-03 02:31:39) [GET]
Rendering template within layouts/main
Rendering main/about

ActionView::TemplateError (Illegal nesting: content can't be both given on the same line as %p and nested within it.) on line #8 of app/views/main/about.haml:
5: 
6: %p Still curious?  How bout some bullet points to keep things rolling...
7: %p As individuals, we strive to be:
8:   %ul
9:     %li entrepreneurial, ingenuitive, scrappy
10:     %li open, honest, communicative
11:     %li passionate, driven, tenacious

    app/views/main/about.haml:8
    vendor/plugins/haml/rails/./lib/haml/precompiler.rb:615:in `render_tag'
    vendor/plugins/haml/rails/./lib/haml/precompiler.rb:202:in `process_line'
    vendor/plugins/haml/rails/./lib/haml/precompiler.rb:166:in `precompile'
    vendor/plugins/haml/rails/./lib/haml/engine.rb:103:in `initialize'
    vendor/plugins/haml/rails/./lib/haml/template/plugin.rb:21:in `new'
    vendor/plugins/haml/rails/./lib/haml/template/plugin.rb:21:in `compile'
    vendor/plugins/haml/rails/./lib/haml/helpers/action_view_mods.rb:14:in `render'
    vendor/plugins/haml/rails/./lib/haml/helpers/action_view_mods.rb:14:in `render'
    /Library/Ruby/Gems/1.8/gems/haml-edge-2.1.18/lib/sass/plugin/rails.rb:20:in `process'

Rendered rescues/_trace (67.5ms)
Rendered rescues/_request_and_response (2.0ms)
Rendering rescues/layout (internal_server_error)
  [4;36;1mSQL (0.1ms)[0m   [0;1mSET NAMES 'utf8'[0m
  [4;35;1mSQL (0.1ms)[0m   [0mSET SQL_AUTO_IS_NULL=0[0m


Processing MainController#about (for 127.0.0.1 at 2009-06-03 02:31:49) [GET]
Rendering template within layouts/main
Rendering main/about
Completed in 11ms (View: 8, DB: 0) | 200 OK [http://localhost/about]
  [4;36;1mSQL (0.1ms)[0m   [0;1mSET NAMES 'utf8'[0m
  [4;35;1mSQL (0.1ms)[0m   [0mSET SQL_AUTO_IS_NULL=0[0m


Processing MainController#about (for 127.0.0.1 at 2009-06-03 02:40:10) [GET]
Rendering template within layouts/main
Rendering main/about
Completed in 10ms (View: 8, DB: 0) | 200 OK [http://localhost/about]
  [4;36;1mSQL (0.1ms)[0m   [0;1mSET NAMES 'utf8'[0m
  [4;35;1mSQL (0.1ms)[0m   [0mSET SQL_AUTO_IS_NULL=0[0m


Processing MainController#about (for 127.0.0.1 at 2009-06-03 02:40:28) [GET]
Rendering template within layouts/main
Rendering main/about
Completed in 10ms (View: 8, DB: 0) | 200 OK [http://localhost/about]
  [4;36;1mSQL (0.1ms)[0m   [0;1mSET NAMES 'utf8'[0m
  [4;35;1mSQL (0.1ms)[0m   [0mSET SQL_AUTO_IS_NULL=0[0m


Processing MainController#about (for 127.0.0.1 at 2009-06-03 02:41:47) [GET]
Rendering template within layouts/main
Rendering main/about
Completed in 11ms (View: 9, DB: 0) | 200 OK [http://localhost/about]
  [4;36;1mSQL (0.1ms)[0m   [0;1mSET NAMES 'utf8'[0m
  [4;35;1mSQL (0.1ms)[0m   [0mSET SQL_AUTO_IS_NULL=0[0m


Processing MainController#index (for 127.0.0.1 at 2009-06-03 02:42:43) [GET]
Rendering template within layouts/main
Rendering main/index
Completed in 5ms (View: 3, DB: 0) | 200 OK [http://localhost/]
  [4;36;1mSQL (0.1ms)[0m   [0;1mSET NAMES 'utf8'[0m
  [4;35;1mSQL (0.1ms)[0m   [0mSET SQL_AUTO_IS_NULL=0[0m


Processing MainController#jobs (for 127.0.0.1 at 2009-06-03 02:42:44) [GET]
Rendering template within layouts/main
Rendering main/jobs
Completed in 10ms (View: 8, DB: 0) | 200 OK [http://localhost/jobs]
  [4;36;1mSQL (0.1ms)[0m   [0;1mSET NAMES 'utf8'[0m
  [4;35;1mSQL (0.1ms)[0m   [0mSET SQL_AUTO_IS_NULL=0[0m


Processing MainController#jobs (for 127.0.0.1 at 2009-06-03 02:44:07) [GET]
Rendering template within layouts/main
Rendering main/jobs
Completed in 11ms (View: 9, DB: 0) | 200 OK [http://localhost/jobs]
  [4;36;1mSQL (0.1ms)[0m   [0;1mSET NAMES 'utf8'[0m
  [4;35;1mSQL (0.1ms)[0m   [0mSET SQL_AUTO_IS_NULL=0[0m


Processing MainController#jobs (for 127.0.0.1 at 2009-06-03 02:46:19) [GET]
Rendering template within layouts/main
Rendering main/jobs
Completed in 11ms (View: 9, DB: 0) | 200 OK [http://localhost/jobs]
  [4;36;1mSQL (0.1ms)[0m   [0;1mSET NAMES 'utf8'[0m
  [4;35;1mSQL (0.1ms)[0m   [0mSET SQL_AUTO_IS_NULL=0[0m


Processing MainController#jobs (for 127.0.0.1 at 2009-06-03 02:46:31) [GET]
Rendering template within layouts/main
Rendering main/jobs
Completed in 74ms (View: 72, DB: 0) | 200 OK [http://localhost/jobs]
  [4;36;1mSQL (0.1ms)[0m   [0;1mSET NAMES 'utf8'[0m
  [4;35;1mSQL (0.1ms)[0m   [0mSET SQL_AUTO_IS_NULL=0[0m


Processing MainController#jobs (for 127.0.0.1 at 2009-06-03 02:46:36) [GET]
Rendering template within layouts/main
Rendering main/jobs
Completed in 11ms (View: 9, DB: 0) | 200 OK [http://localhost/jobs]
  [4;36;1mSQL (0.1ms)[0m   [0;1mSET NAMES 'utf8'[0m
  [4;35;1mSQL (0.1ms)[0m   [0mSET SQL_AUTO_IS_NULL=0[0m


Processing MainController#jobs (for 127.0.0.1 at 2009-06-03 02:46:55) [GET]
Rendering template within layouts/main
Rendering main/jobs
Completed in 12ms (View: 10, DB: 0) | 200 OK [http://localhost/jobs]
  [4;36;1mSQL (0.1ms)[0m   [0;1mSET NAMES 'utf8'[0m
  [4;35;1mSQL (0.1ms)[0m   [0mSET SQL_AUTO_IS_NULL=0[0m


Processing MainController#jobs (for 127.0.0.1 at 2009-06-03 02:47:26) [GET]
Rendering template within layouts/main
Rendering main/jobs
Completed in 13ms (View: 10, DB: 0) | 200 OK [http://localhost/jobs]
  [4;36;1mSQL (0.1ms)[0m   [0;1mSET NAMES 'utf8'[0m
  [4;35;1mSQL (0.1ms)[0m   [0mSET SQL_AUTO_IS_NULL=0[0m


Processing MainController#jobs (for 127.0.0.1 at 2009-06-03 02:48:17) [GET]
Rendering template within layouts/main
Rendering main/jobs
Completed in 12ms (View: 10, DB: 0) | 200 OK [http://localhost/jobs]
  [4;36;1mSQL (0.1ms)[0m   [0;1mSET NAMES 'utf8'[0m
  [4;35;1mSQL (0.1ms)[0m   [0mSET SQL_AUTO_IS_NULL=0[0m


Processing MainController#jobs (for 127.0.0.1 at 2009-06-03 02:48:35) [GET]
Rendering template within layouts/main
Rendering main/jobs
Completed in 72ms (View: 70, DB: 0) | 200 OK [http://localhost/jobs]
  [4;36;1mSQL (0.1ms)[0m   [0;1mSET NAMES 'utf8'[0m
  [4;35;1mSQL (0.1ms)[0m   [0mSET SQL_AUTO_IS_NULL=0[0m


Processing MainController#jobs (for 127.0.0.1 at 2009-06-03 02:49:02) [GET]
Rendering template within layouts/main
Rendering main/jobs
Completed in 11ms (View: 9, DB: 0) | 200 OK [http://localhost/jobs]
  [4;36;1mSQL (0.1ms)[0m   [0;1mSET NAMES 'utf8'[0m
  [4;35;1mSQL (0.1ms)[0m   [0mSET SQL_AUTO_IS_NULL=0[0m


Processing MainController#jobs (for 127.0.0.1 at 2009-06-03 02:50:30) [GET]
Rendering template within layouts/main
Rendering main/jobs
Completed in 12ms (View: 10, DB: 0) | 200 OK [http://localhost/jobs]
  [4;36;1mSQL (0.1ms)[0m   [0;1mSET NAMES 'utf8'[0m
  [4;35;1mSQL (0.1ms)[0m   [0mSET SQL_AUTO_IS_NULL=0[0m


Processing MainController#jobs (for 127.0.0.1 at 2009-06-03 02:50:56) [GET]
Rendering template within layouts/main
Rendering main/jobs
Completed in 12ms (View: 10, DB: 0) | 200 OK [http://localhost/jobs]
  [4;36;1mSQL (0.1ms)[0m   [0;1mSET NAMES 'utf8'[0m
  [4;35;1mSQL (0.1ms)[0m   [0mSET SQL_AUTO_IS_NULL=0[0m


Processing MainController#index (for 127.0.0.1 at 2009-06-03 02:51:04) [GET]
Rendering template within layouts/main
Rendering main/index
Completed in 4ms (View: 2, DB: 0) | 200 OK [http://localhost/]
  [4;36;1mSQL (0.1ms)[0m   [0;1mSET NAMES 'utf8'[0m
  [4;35;1mSQL (0.1ms)[0m   [0mSET SQL_AUTO_IS_NULL=0[0m


Processing MainController#about (for 127.0.0.1 at 2009-06-03 02:51:17) [GET]
Rendering template within layouts/main
Rendering main/about
Completed in 4ms (View: 2, DB: 0) | 200 OK [http://localhost/about]
  [4;36;1mSQL (0.1ms)[0m   [0;1mSET NAMES 'utf8'[0m
  [4;35;1mSQL (0.1ms)[0m   [0mSET SQL_AUTO_IS_NULL=0[0m


Processing MainController#about (for 127.0.0.1 at 2009-06-03 02:52:35) [GET]
Rendering template within layouts/main
Rendering main/about
Completed in 10ms (View: 8, DB: 0) | 200 OK [http://localhost/about]
  [4;36;1mSQL (0.1ms)[0m   [0;1mSET NAMES 'utf8'[0m
  [4;35;1mSQL (0.1ms)[0m   [0mSET SQL_AUTO_IS_NULL=0[0m


Processing MainController#about (for 127.0.0.1 at 2009-06-03 02:54:01) [GET]
Rendering template within layouts/main
Rendering main/about
Completed in 4ms (View: 2, DB: 0) | 200 OK [http://localhost/about]
  [4;36;1mSQL (0.1ms)[0m   [0;1mSET NAMES 'utf8'[0m
  [4;35;1mSQL (0.1ms)[0m   [0mSET SQL_AUTO_IS_NULL=0[0m


Processing MainController#index (for 127.0.0.1 at 2009-06-03 02:54:11) [GET]
Rendering template within layouts/main
Rendering main/index
Completed in 4ms (View: 2, DB: 0) | 200 OK [http://localhost/]
  [4;36;1mSQL (0.2ms)[0m   [0;1mSET NAMES 'utf8'[0m
  [4;35;1mSQL (0.1ms)[0m   [0mSET SQL_AUTO_IS_NULL=0[0m


Processing MainController#jobs (for 127.0.0.1 at 2009-06-03 02:54:13) [GET]
Rendering template within layouts/main
Rendering main/jobs
Completed in 4ms (View: 2, DB: 0) | 200 OK [http://localhost/jobs]
  [4;36;1mSQL (0.1ms)[0m   [0;1mSET NAMES 'utf8'[0m
  [4;35;1mSQL (0.1ms)[0m   [0mSET SQL_AUTO_IS_NULL=0[0m


Processing MainController#jobs (for 127.0.0.1 at 2009-06-03 02:54:47) [GET]
Rendering template within layouts/main
Rendering main/jobs
Completed in 4ms (View: 2, DB: 0) | 200 OK [http://localhost/jobs]
  [4;36;1mSQL (0.1ms)[0m   [0;1mSET NAMES 'utf8'[0m
  [4;35;1mSQL (0.1ms)[0m   [0mSET SQL_AUTO_IS_NULL=0[0m


Processing MainController#index (for 127.0.0.1 at 2009-06-03 02:54:49) [GET]
Rendering template within layouts/main
Rendering main/index
Completed in 4ms (View: 2, DB: 0) | 200 OK [http://localhost/]
  [4;36;1mSQL (0.1ms)[0m   [0;1mSET NAMES 'utf8'[0m
  [4;35;1mSQL (0.1ms)[0m   [0mSET SQL_AUTO_IS_NULL=0[0m


Processing MainController#about (for 127.0.0.1 at 2009-06-03 02:54:52) [GET]
Rendering template within layouts/main
Rendering main/about
Completed in 4ms (View: 2, DB: 0) | 200 OK [http://localhost/about]
  [4;36;1mSQL (0.1ms)[0m   [0;1mSET NAMES 'utf8'[0m
  [4;35;1mSQL (0.1ms)[0m   [0mSET SQL_AUTO_IS_NULL=0[0m


Processing MainController#jobs (for 127.0.0.1 at 2009-06-03 02:54:57) [GET]
Rendering template within layouts/main
Rendering main/jobs
Completed in 4ms (View: 2, DB: 0) | 200 OK [http://localhost/jobs]
  [4;36;1mSQL (0.2ms)[0m   [0;1mSET NAMES 'utf8'[0m
  [4;35;1mSQL (0.1ms)[0m   [0mSET SQL_AUTO_IS_NULL=0[0m


Processing MainController#about (for 127.0.0.1 at 2009-06-03 02:55:01) [GET]
Rendering template within layouts/main
Rendering main/about
Completed in 4ms (View: 2, DB: 0) | 200 OK [http://localhost/about]
  [4;36;1mSQL (0.2ms)[0m   [0;1mSET NAMES 'utf8'[0m
  [4;35;1mSQL (0.1ms)[0m   [0mSET SQL_AUTO_IS_NULL=0[0m


Processing MainController#jobs (for 127.0.0.1 at 2009-06-03 02:55:41) [GET]
Rendering template within layouts/main
Rendering main/jobs
Completed in 4ms (View: 2, DB: 0) | 200 OK [http://localhost/jobs]
  [4;36;1mSQL (0.1ms)[0m   [0;1mSET NAMES 'utf8'[0m
  [4;35;1mSQL (0.1ms)[0m   [0mSET SQL_AUTO_IS_NULL=0[0m


Processing MainController#index (for 127.0.0.1 at 2009-06-03 02:55:45) [GET]
Rendering template within layouts/main
Rendering main/index
Completed in 4ms (View: 2, DB: 0) | 200 OK [http://localhost/]
  [4;36;1mSQL (0.1ms)[0m   [0;1mSET NAMES 'utf8'[0m
  [4;35;1mSQL (0.1ms)[0m   [0mSET SQL_AUTO_IS_NULL=0[0m


Processing MainController#index (for 127.0.0.1 at 2009-06-03 02:56:26) [GET]
Rendering template within layouts/main
Rendering main/index
Completed in 77ms (View: 75, DB: 0) | 200 OK [http://localhost/]
  [4;36;1mSQL (0.1ms)[0m   [0;1mSET NAMES 'utf8'[0m
  [4;35;1mSQL (0.1ms)[0m   [0mSET SQL_AUTO_IS_NULL=0[0m


Processing MainController#index (for 127.0.0.1 at 2009-06-03 02:59:26) [GET]
Rendering template within layouts/main
Rendering main/index
Completed in 10ms (View: 8, DB: 0) | 200 OK [http://localhost/]
  [4;36;1mSQL (0.2ms)[0m   [0;1mSET NAMES 'utf8'[0m
  [4;35;1mSQL (0.1ms)[0m   [0mSET SQL_AUTO_IS_NULL=0[0m


Processing MainController#index (for 127.0.0.1 at 2009-06-03 02:59:49) [GET]
Rendering template within layouts/main
Rendering main/index
Completed in 8ms (View: 6, DB: 0) | 200 OK [http://localhost/]
  [4;36;1mSQL (0.1ms)[0m   [0;1mSET NAMES 'utf8'[0m
  [4;35;1mSQL (0.1ms)[0m   [0mSET SQL_AUTO_IS_NULL=0[0m


Processing MainController#index (for 127.0.0.1 at 2009-06-03 03:00:46) [GET]
Rendering template within layouts/main
Rendering main/index
Completed in 9ms (View: 7, DB: 0) | 200 OK [http://localhost/]
  [4;36;1mSQL (0.1ms)[0m   [0;1mSET NAMES 'utf8'[0m
  [4;35;1mSQL (0.1ms)[0m   [0mSET SQL_AUTO_IS_NULL=0[0m


Processing MainController#index (for 127.0.0.1 at 2009-06-03 03:01:14) [GET]
Rendering template within layouts/main
Rendering main/index
Completed in 9ms (View: 7, DB: 0) | 200 OK [http://localhost/]
  [4;36;1mSQL (0.1ms)[0m   [0;1mSET NAMES 'utf8'[0m
  [4;35;1mSQL (0.1ms)[0m   [0mSET SQL_AUTO_IS_NULL=0[0m


Processing MainController#index (for 127.0.0.1 at 2009-06-03 03:01:18) [GET]
Rendering template within layouts/main
Rendering main/index
Completed in 8ms (View: 6, DB: 0) | 200 OK [http://localhost/]
  [4;36;1mSQL (0.1ms)[0m   [0;1mSET NAMES 'utf8'[0m
  [4;35;1mSQL (0.1ms)[0m   [0mSET SQL_AUTO_IS_NULL=0[0m


Processing MainController#index (for 127.0.0.1 at 2009-06-03 03:01:22) [GET]
Rendering template within layouts/main
Rendering main/index
Completed in 10ms (View: 7, DB: 0) | 200 OK [http://localhost/]
  [4;36;1mSQL (0.1ms)[0m   [0;1mSET NAMES 'utf8'[0m
  [4;35;1mSQL (0.1ms)[0m   [0mSET SQL_AUTO_IS_NULL=0[0m


Processing MainController#index (for 127.0.0.1 at 2009-06-03 03:01:26) [GET]
Rendering template within layouts/main
Rendering main/index
Completed in 9ms (View: 7, DB: 0) | 200 OK [http://localhost/]
  [4;36;1mSQL (0.1ms)[0m   [0;1mSET NAMES 'utf8'[0m
  [4;35;1mSQL (0.1ms)[0m   [0mSET SQL_AUTO_IS_NULL=0[0m


Processing MainController#index (for 127.0.0.1 at 2009-06-03 03:01:27) [GET]
Rendering template within layouts/main
Rendering main/index
Completed in 4ms (View: 2, DB: 0) | 200 OK [http://localhost/]
  [4;36;1mSQL (0.1ms)[0m   [0;1mSET NAMES 'utf8'[0m
  [4;35;1mSQL (0.1ms)[0m   [0mSET SQL_AUTO_IS_NULL=0[0m


Processing MainController#index (for 127.0.0.1 at 2009-06-03 03:01:31) [GET]
Rendering template within layouts/main
Rendering main/index
Completed in 9ms (View: 7, DB: 0) | 200 OK [http://localhost/]
  [4;36;1mSQL (0.1ms)[0m   [0;1mSET NAMES 'utf8'[0m
  [4;35;1mSQL (0.1ms)[0m   [0mSET SQL_AUTO_IS_NULL=0[0m


Processing MainController#index (for 127.0.0.1 at 2009-06-03 03:01:38) [GET]
Rendering template within layouts/main
Rendering main/index
Completed in 8ms (View: 6, DB: 0) | 200 OK [http://localhost/]
  [4;36;1mSQL (0.1ms)[0m   [0;1mSET NAMES 'utf8'[0m
  [4;35;1mSQL (0.1ms)[0m   [0mSET SQL_AUTO_IS_NULL=0[0m


Processing MainController#index (for 127.0.0.1 at 2009-06-03 03:01:44) [GET]
Rendering template within layouts/main
Rendering main/index
Completed in 72ms (View: 70, DB: 0) | 200 OK [http://localhost/]
  [4;36;1mSQL (0.1ms)[0m   [0;1mSET NAMES 'utf8'[0m
  [4;35;1mSQL (0.1ms)[0m   [0mSET SQL_AUTO_IS_NULL=0[0m


Processing MainController#index (for 127.0.0.1 at 2009-06-03 03:01:48) [GET]
Rendering template within layouts/main
Rendering main/index
Completed in 9ms (View: 7, DB: 0) | 200 OK [http://localhost/]
  [4;36;1mSQL (0.1ms)[0m   [0;1mSET NAMES 'utf8'[0m
  [4;35;1mSQL (0.1ms)[0m   [0mSET SQL_AUTO_IS_NULL=0[0m


Processing MainController#index (for 127.0.0.1 at 2009-06-03 03:03:06) [GET]
Rendering template within layouts/main
Rendering main/index
Completed in 9ms (View: 7, DB: 0) | 200 OK [http://localhost/]
  [4;36;1mSQL (0.1ms)[0m   [0;1mSET NAMES 'utf8'[0m
  [4;35;1mSQL (0.1ms)[0m   [0mSET SQL_AUTO_IS_NULL=0[0m


Processing MainController#index (for 127.0.0.1 at 2009-06-03 03:03:41) [GET]
Rendering template within layouts/main
Rendering main/index
Completed in 4ms (View: 2, DB: 0) | 200 OK [http://localhost/]
  [4;36;1mSQL (0.2ms)[0m   [0;1mSET NAMES 'utf8'[0m
  [4;35;1mSQL (0.1ms)[0m   [0mSET SQL_AUTO_IS_NULL=0[0m


Processing MainController#index (for 127.0.0.1 at 2009-06-03 03:03:56) [GET]
Rendering template within layouts/main
Rendering main/index
Completed in 20ms (View: 18, DB: 0) | 200 OK [http://localhost/]
  [4;36;1mSQL (0.1ms)[0m   [0;1mSET NAMES 'utf8'[0m
  [4;35;1mSQL (0.1ms)[0m   [0mSET SQL_AUTO_IS_NULL=0[0m


Processing MainController#index (for 127.0.0.1 at 2009-06-03 03:03:57) [GET]
Rendering template within layouts/main
Rendering main/index
Completed in 4ms (View: 2, DB: 0) | 200 OK [http://localhost/]
  [4;36;1mSQL (0.1ms)[0m   [0;1mSET NAMES 'utf8'[0m
  [4;35;1mSQL (0.1ms)[0m   [0mSET SQL_AUTO_IS_NULL=0[0m


Processing MainController#index (for 127.0.0.1 at 2009-06-03 03:04:11) [GET]
Rendering template within layouts/main
Rendering main/index
Completed in 4ms (View: 2, DB: 0) | 200 OK [http://localhost/]
  [4;36;1mSQL (0.1ms)[0m   [0;1mSET NAMES 'utf8'[0m
  [4;35;1mSQL (0.1ms)[0m   [0mSET SQL_AUTO_IS_NULL=0[0m


Processing MainController#about (for 127.0.0.1 at 2009-06-03 03:04:43) [GET]
Rendering template within layouts/main
Rendering main/about
Completed in 10ms (View: 8, DB: 0) | 200 OK [http://localhost/about]
  [4;36;1mSQL (0.1ms)[0m   [0;1mSET NAMES 'utf8'[0m
  [4;35;1mSQL (0.1ms)[0m   [0mSET SQL_AUTO_IS_NULL=0[0m


Processing MainController#index (for 127.0.0.1 at 2009-06-03 03:05:52) [GET]
Rendering template within layouts/main
Rendering main/index
Completed in 4ms (View: 2, DB: 0) | 200 OK [http://localhost/]
  [4;36;1mSQL (0.1ms)[0m   [0;1mSET NAMES 'utf8'[0m
  [4;35;1mSQL (0.1ms)[0m   [0mSET SQL_AUTO_IS_NULL=0[0m


Processing MainController#jobs (for 127.0.0.1 at 2009-06-03 03:05:54) [GET]
Rendering template within layouts/main
Rendering main/jobs
Completed in 13ms (View: 10, DB: 0) | 200 OK [http://localhost/jobs]
